<?xml version="1.0" encoding="UTF-8"?>
<testng-results skipped="1" failed="1" total="2" passed="0">
  <reporter-output>
  </reporter-output>
  <suite name="parser" duration-ms="385" started-at="2018-04-19T10:51:05Z" finished-at="2018-04-19T10:51:06Z">
    <groups>
    </groups>
    <test name="TestNG tests" duration-ms="385" started-at="2018-04-19T10:51:05Z" finished-at="2018-04-19T10:51:06Z">
      <class name="MainNGTest">
        <test-method status="PASS" signature="CreateTempDir()[pri:0, instance:MainNGTest@2db0f6b2]" name="CreateTempDir" is-config="true" duration-ms="18" started-at="2018-04-19T18:51:05Z" finished-at="2018-04-19T18:51:05Z">
          <reporter-output>
          </reporter-output>
        </test-method> <!-- CreateTempDir -->
        <test-method status="FAIL" signature="runningCode_outputsExpectedText(java.lang.String, java.lang.String)[pri:0, instance:MainNGTest@2db0f6b2]" name="runningCode_outputsExpectedText" duration-ms="338" started-at="2018-04-19T18:51:05Z" data-provider="provide_code_expectedText" finished-at="2018-04-19T18:51:06Z">
          <params>
            <param index="0">
              <value>
                <![CDATA[1+2]]>
              </value>
            </param>
            <param index="1">
              <value>
                <![CDATA[3
]]>
              </value>
            </param>
          </params>
          <exception class="java.util.NoSuchElementException">
            <full-stacktrace>
              <![CDATA[java.util.NoSuchElementException
	at java.util.Scanner.throwFor(Scanner.java:862)
	at java.util.Scanner.next(Scanner.java:1371)
	at MainNGTest.runJavaClass(MainNGTest.java:73)
	at MainNGTest.compileAndRun(MainNGTest.java:67)
	at MainNGTest.runningCode_outputsExpectedText(MainNGTest.java:46)
	at sun.reflect.NativeMethodAccessorImpl.invoke0(Native Method)
	at sun.reflect.NativeMethodAccessorImpl.invoke(NativeMethodAccessorImpl.java:62)
	at sun.reflect.DelegatingMethodAccessorImpl.invoke(DelegatingMethodAccessorImpl.java:43)
	at java.lang.reflect.Method.invoke(Method.java:498)
	at org.testng.internal.MethodInvocationHelper.invokeMethod(MethodInvocationHelper.java:84)
	at org.testng.internal.Invoker.invokeMethod(Invoker.java:714)
	at org.testng.internal.Invoker.invokeTestMethod(Invoker.java:901)
	at org.testng.internal.Invoker.invokeTestMethods(Invoker.java:1231)
	at org.testng.internal.TestMethodWorker.invokeTestMethods(TestMethodWorker.java:127)
	at org.testng.internal.TestMethodWorker.run(TestMethodWorker.java:111)
	at org.testng.TestRunner.privateRun(TestRunner.java:767)
	at org.testng.TestRunner.run(TestRunner.java:617)
	at org.testng.SuiteRunner.runTest(SuiteRunner.java:334)
	at org.testng.SuiteRunner.runSequentially(SuiteRunner.java:329)
	at org.testng.SuiteRunner.privateRun(SuiteRunner.java:291)
	at org.testng.SuiteRunner.run(SuiteRunner.java:240)
	at org.testng.SuiteRunnerWorker.runSuite(SuiteRunnerWorker.java:52)
	at org.testng.SuiteRunnerWorker.run(SuiteRunnerWorker.java:86)
	at org.testng.TestNG.runSuitesSequentially(TestNG.java:1224)
	at org.testng.TestNG.runSuitesLocally(TestNG.java:1149)
	at org.testng.TestNG.run(TestNG.java:1057)
	at org.testng.TestNG.privateMain(TestNG.java:1364)
	at org.testng.TestNG.main(TestNG.java:1333)
]]>
            </full-stacktrace>
          </exception> <!-- java.util.NoSuchElementException -->
          <reporter-output>
          </reporter-output>
        </test-method> <!-- runningCode_outputsExpectedText -->
        <test-method status="FAIL" signature="deleteTempDir()[pri:0, instance:MainNGTest@2db0f6b2]" name="deleteTempDir" is-config="true" duration-ms="0" started-at="2018-04-19T18:51:06Z" finished-at="2018-04-19T18:51:06Z">
          <exception class="java.lang.Error">
            <message>
              <![CDATA[Could not delete file <C:\Users\Mahika\AppData\Local\Temp\compilerTest8148309797612389648>]]>
            </message>
            <full-stacktrace>
              <![CDATA[java.lang.Error: Could not delete file <C:\Users\Mahika\AppData\Local\Temp\compilerTest8148309797612389648>
	at MainNGTest.deleteRecursive(MainNGTest.java:86)
	at MainNGTest.deleteTempDir(MainNGTest.java:37)
	at sun.reflect.NativeMethodAccessorImpl.invoke0(Native Method)
	at sun.reflect.NativeMethodAccessorImpl.invoke(NativeMethodAccessorImpl.java:62)
	at sun.reflect.DelegatingMethodAccessorImpl.invoke(DelegatingMethodAccessorImpl.java:43)
	at java.lang.reflect.Method.invoke(Method.java:498)
	at org.testng.internal.MethodInvocationHelper.invokeMethod(MethodInvocationHelper.java:84)
	at org.testng.internal.Invoker.invokeConfigurationMethod(Invoker.java:564)
	at org.testng.internal.Invoker.invokeConfigurations(Invoker.java:213)
	at org.testng.internal.Invoker.invokeMethod(Invoker.java:786)
	at org.testng.internal.Invoker.invokeTestMethod(Invoker.java:901)
	at org.testng.internal.Invoker.invokeTestMethods(Invoker.java:1231)
	at org.testng.internal.TestMethodWorker.invokeTestMethods(TestMethodWorker.java:127)
	at org.testng.internal.TestMethodWorker.run(TestMethodWorker.java:111)
	at org.testng.TestRunner.privateRun(TestRunner.java:767)
	at org.testng.TestRunner.run(TestRunner.java:617)
	at org.testng.SuiteRunner.runTest(SuiteRunner.java:334)
	at org.testng.SuiteRunner.runSequentially(SuiteRunner.java:329)
	at org.testng.SuiteRunner.privateRun(SuiteRunner.java:291)
	at org.testng.SuiteRunner.run(SuiteRunner.java:240)
	at org.testng.SuiteRunnerWorker.runSuite(SuiteRunnerWorker.java:52)
	at org.testng.SuiteRunnerWorker.run(SuiteRunnerWorker.java:86)
	at org.testng.TestNG.runSuitesSequentially(TestNG.java:1224)
	at org.testng.TestNG.runSuitesLocally(TestNG.java:1149)
	at org.testng.TestNG.run(TestNG.java:1057)
	at org.testng.TestNG.privateMain(TestNG.java:1364)
	at org.testng.TestNG.main(TestNG.java:1333)
]]>
            </full-stacktrace>
          </exception> <!-- java.lang.Error -->
          <reporter-output>
          </reporter-output>
        </test-method> <!-- deleteTempDir -->
        <test-method status="SKIP" signature="CreateTempDir()[pri:0, instance:MainNGTest@2db0f6b2]" name="CreateTempDir" is-config="true" duration-ms="0" started-at="2018-04-19T18:51:06Z" finished-at="2018-04-19T18:51:06Z">
          <reporter-output>
          </reporter-output>
        </test-method> <!-- CreateTempDir -->
        <test-method status="SKIP" signature="deleteTempDir()[pri:0, instance:MainNGTest@2db0f6b2]" name="deleteTempDir" is-config="true" duration-ms="0" started-at="2018-04-19T18:51:06Z" finished-at="2018-04-19T18:51:06Z">
          <reporter-output>
          </reporter-output>
        </test-method> <!-- deleteTempDir -->
        <test-method status="SKIP" signature="runningCode_outputsExpectedText(java.lang.String, java.lang.String)[pri:0, instance:MainNGTest@2db0f6b2]" name="runningCode_outputsExpectedText" duration-ms="0" started-at="2018-04-19T18:51:06Z" data-provider="provide_code_expectedText" finished-at="2018-04-19T18:51:06Z">
          <params>
            <param index="0">
              <value>
                <![CDATA[1+2+42]]>
              </value>
            </param>
            <param index="1">
              <value>
                <![CDATA[45
]]>
              </value>
            </param>
          </params>
          <reporter-output>
          </reporter-output>
        </test-method> <!-- runningCode_outputsExpectedText -->
      </class> <!-- MainNGTest -->
    </test> <!-- TestNG tests -->
  </suite> <!-- parser -->
</testng-results>
